Arguments: 
  C:\Program Files\nodejs\node.exe F:\Program Files (x86)\Yarn\bin\yarn.js add @angular-mdl/core

PATH: 
  E:\Program Files\cmder\vendor\git-for-windows\mingw32\bin;E:\Program Files\cmder\vendor\git-for-windows\usr\bin;C:\Users\onejustone\bin;E:\Program Files\cmder\bin;E:\Program Files\cmder\vendor\conemu-maximus5\ConEmu\Scripts;E:\Program Files\cmder\vendor\conemu-maximus5;E:\Program Files\cmder\vendor\conemu-maximus5\ConEmu;C:\ProgramData\Oracle\Java\javapath;C:\Windows\system32;C:\Windows;C:\Windows\System32\Wbem;C:\Windows\System32\WindowsPowerShell\v1.0;C:\Program Files\Java\jdk1.8.0_102\bin;C:\Program Files\Java\jdk1.8.0_102\jre\bin;C:\Program Files\WIDCOMM\Bluetooth Software;C:\Program Files\WIDCOMM\Bluetooth Software\syswow64;E:\SoftWare\Python2.7\Tools\Scripts;E:\SoftWare\Python2.7;E:\Deployd\bin;E:\Program Files\cmder;C:\Program Files\MongoDB\Server\3.4\bin\mongod.exe;F:\Program Files (x86)\Yarn\bin;C:\Program Files\nodejs;E:\Ruby23\bin;E:\Program Files\cmder;C:\Program Files\MongoDB\Server\3.4\bin\mongod.exe;C:\Users\onejustone\AppData\Local\Yarn\.bin;C:\Users\onejustone\AppData\Roaming\npm;E:\Program Files\cmder\vendor\git-for-windows\cmd;E:\Program Files\cmder\vendor\git-for-windows\usr\bin;E:\Program Files\cmder

Yarn version: 
  0.21.3

Node version: 
  7.9.0

Platform: 
  win32 x64

npm manifest: 
  {
    "name": "angular2-todo-project",
    "version": "0.0.0",
    "license": "MIT",
    "scripts": {
      "ng": "ng",
      "start": "ng serve",
      "build": "ng build",
      "test": "ng test",
      "lint": "ng lint",
      "e2e": "ng e2e"
    },
    "private": true,
    "dependencies": {
      "@angular/common": "^4.0.0",
      "@angular/compiler": "^4.0.0",
      "@angular/core": "^4.0.0",
      "@angular/forms": "^4.0.0",
      "@angular/http": "^4.0.0",
      "@angular/platform-browser": "^4.0.0",
      "@angular/platform-browser-dynamic": "^4.0.0",
      "@angular/router": "^4.0.0",
      "core-js": "^2.4.1",
      "rxjs": "^5.1.0",
      "zone.js": "^0.8.4"
    },
    "devDependencies": {
      "@angular/cli": "1.0.4",
      "@angular/compiler-cli": "^4.0.0",
      "@types/jasmine": "2.5.38",
      "@types/node": "~6.0.60",
      "codelyzer": "~2.0.0",
      "jasmine-core": "~2.5.2",
      "jasmine-spec-reporter": "~3.2.0",
      "karma": "~1.4.1",
      "karma-chrome-launcher": "~2.1.1",
      "karma-cli": "~1.0.1",
      "karma-jasmine": "~1.1.0",
      "karma-jasmine-html-reporter": "^0.2.2",
      "karma-coverage-istanbul-reporter": "^0.2.0",
      "protractor": "~5.1.0",
      "ts-node": "~2.0.0",
      "tslint": "~4.5.0",
      "typescript": "~2.2.0"
    }
  }

yarn manifest: 
  No manifest

Lockfile: 
  No lockfile

Trace: 
  Error: connect ETIMEDOUT 104.16.59.173:443
      at Object.exports._errnoException (util.js:1050:11)
      at exports._exceptionWithHostPort (util.js:1073:20)
      at TCPConnectWrap.afterConnect [as oncomplete] (net.js:1097:14)
